Log: f:\3d-engine\eerstegraphicengine\eerstegraphicengine\main.cpp:9 inside WinMain
Date: Mar  1 2018
Time: 23:19:49
Message: 4
############################################: 
Log: f:\3d-engine\eerstegraphicengine\eerstegraphicengine\main.cpp:9 inside WinMain
Date: Mar  1 2018
Time: 23:20:31
Message: 4
############################################: 
Log: f:\3d-engine\eerstegraphicengine\eerstegraphicengine\main.cpp:9 inside WinMain
Date: Mar  1 2018
Time: 23:21:35
Message: 4
############################################: 
Log: f:\3d-engine\eerstegraphicengine\eerstegraphicengine\main.cpp:9 inside WinMain
Date: Mar  1 2018
Time: 23:21:35
Message: 4
############################################: 
Log: f:\3d-engine\eerstegraphicengine\eerstegraphicengine\main.cpp:10 inside WinMain
Date: Mar  1 2018
Time: 23:21:53
Message: 5
############################################: 
Log: f:\3d-engine\eerstegraphicengine\eerstegraphicengine\main.cpp:10 inside WinMain
Date: Mar  1 2018
Time: 23:22:26
Message: 4
############################################: 
Log: f:\3d-engine\eerstegraphicengine\eerstegraphicengine\main.cpp:10 inside WinMain
Date: Mar  1 2018
Time: 23:22:26
Message: 4
############################################: 
Log: f:\3d-engine\eerstegraphicengine\eerstegraphicengine\main.cpp:10 inside WinMain
Date: Mar  1 2018
Time: 23:22:26
Message: 4
############################################: 
Log: f:\3d-engine\eerstegraphicengine\eerstegraphicengine\main.cpp:11 inside WinMain
Date: Mar  1 2018
Time: 23:43:03
Message: salut
############################################: 
Log: f:\3d-engine\eerstegraphicengine\eerstegraphicengine\main.cpp:12 inside WinMain
Date: Mar  1 2018
Time: 23:51:19
Message: salut
############################################: 
Log: f:\3d-engine\eerstegraphicengine\eerstegraphicengine\main.cpp:13 inside WinMain
Date: Mar  1 2018
Time: 23:51:19
Message: Log: f:\3d-engine\eerstegraphicengine\eerstegraphicengine\main.cpp:12 inside WinMain
Date: Mar  1 2018
Time: 23:58:39
Message: 42
############################################: 
Log: f:\3d-engine\eerstegraphicengine\eerstegraphicengine\main.cpp:13 inside WinMain
Date: Mar  1 2018
Time: 23:58:39
Message: 45
############################################: 
Log: f:\3d-engine\eerstegraphicengine\eerstegraphicengine\main.cpp:12 inside WinMain
Date: Mar  1 2018
Time: 23:58:39
Message: 42
############################################: 
Log: f:\3d-engine\eerstegraphicengine\eerstegraphicengine\main.cpp:13 inside WinMain
Date: Mar  1 2018
Time: 23:58:39
Message: 45
############################################: 
Log: f:\3d-engine\eerstegraphicengine\eerstegraphicengine\main.cpp:12 inside WinMain
Date: Mar  1 2018
Time: 23:58:39
Message: 42
############################################: 
Log: f:\3d-engine\eerstegraphicengine\eerstegraphicengine\main.cpp:13 inside WinMain
Date: Mar  1 2018
Time: 23:58:39
Message: 45
############################################: 
Log: f:\3d-engine\eerstegraphicengine\eerstegraphicengine\main.cpp:12 inside WinMain
Date: Mar  2 2018
Time: 00:01:05
Message: 42
############################################: 
Log: f:\3d-engine\eerstegraphicengine\eerstegraphicengine\main.cpp:13 inside WinMain
Date: Mar  2 2018
Time: 00:01:05
Message: 45
############################################: 
Log: f:\3d-engine\eerstegraphicengine\eerstegraphicengine\main.cpp:12 inside WinMain
Date: Mar  2 2018
Time: 00:02:32
Message: 42
############################################: 
Log: f:\3d-engine\eerstegraphicengine\eerstegraphicengine\main.cpp:12 inside WinMain
Date: Mar  2 2018
Time: 00:02:32
Message: 42
############################################: 
Log: f:\3d-engine\eerstegraphicengine\eerstegraphicengine\main.cpp:12 inside WinMain
Date: Mar  2 2018
Time: 00:02:50
Message: 42
############################################: 
Log: f:\3d-engine\eerstegraphicengine\eerstegraphicengine\main.cpp:12 inside WinMain
Date: Mar  2 2018
Time: 00:03:13
Message: 42
############################################: 
Log: f:\3d-engine\eerstegraphicengine\eerstegraphicengine\main.cpp:12 inside WinMain
Date: Mar  2 2018
Time: 00:03:28
Message: 42
############################################: 
Log: f:\3d-engine\eerstegraphicengine\eerstegraphicengine\main.cpp:12 inside WinMain
Date: Mar  2 2018
Time: 00:04:29
Message: 42
############################################: 
Log: c:\users\fbeaujean\documents\other\eerstegraphicengine\eerstegraphicengine\coreapplication.cpp:127 inside ege::CoreApplication::OnStartUp
Date: Mar 15 2018
Time: 10:18:05
Message: debug
############################################: 
Log: c:\users\fbeaujean\documents\other\eerstegraphicengine\eerstegraphicengine\coreapplication.cpp:127
Inside ege::CoreApplication::OnStartUp
Date: Mar 15 2018
Time: 10:20:08
Message: debug
############################################: 
Log: c:\users\fbeaujean\documents\other\eerstegraphicengine\eerstegraphicengine\coreapplication.cpp:127
Inside ege::CoreApplication::OnStartUp
Date: Mar 15 2018
Time: 10:20:08
Message: debug
############################################: 
Log: c:\users\fbeaujean\documents\other\eerstegraphicengine\eerstegraphicengine\taskscheduler.cpp:30
Inside ege::TaskScheduler::OnStartUp
Date: Apr 20 2018
Time: 12:10:42
Message: Worker initialized
############################################: 
Log: f:\3d-engine\eerstegraphicengine\eerstegraphicengine\coreapplication.cpp:106
Inside ege::CoreApplication::OnResize
Date: Apr 29 2018
Time: 20:14:43
Message: Resize
############################################: 
Log: f:\3d-engine\eerstegraphicengine\eerstegraphicengine\coreapplication.cpp:106
Inside ege::CoreApplication::OnResize
Date: Apr 29 2018
Time: 20:14:43
Message: Resize
############################################: 
Log: f:\3d-engine\eerstegraphicengine\eerstegraphicengine\coreapplication.cpp:106
Inside ege::CoreApplication::OnResize
Date: Apr 29 2018
Time: 20:14:43
Message: Resize
############################################: 
Log: f:\3d-engine\eerstegraphicengine\eerstegraphicengine\coreapplication.cpp:106
Inside ege::CoreApplication::OnResize
Date: Apr 29 2018
Time: 20:14:43
Message: Resize
############################################: 
Log: f:\3d-engine\eerstegraphicengine\eerstegraphicengine\coreapplication.cpp:106
Inside ege::CoreApplication::OnResize
Date: Apr 29 2018
Time: 20:14:43
Message: Resize
############################################: 
Log: f:\3d-engine\eerstegraphicengine\eerstegraphicengine\coreapplication.cpp:106
Inside ege::CoreApplication::OnResize
Date: Apr 29 2018
Time: 20:14:43
Message: Resize
############################################: 
Log: f:\3d-engine\eerstegraphicengine\eerstegraphicengine\coreapplication.cpp:106
Inside ege::CoreApplication::OnResize
Date: Apr 29 2018
Time: 20:14:43
Message: Resize
############################################: 
Log: f:\3d-engine\eerstegraphicengine\eerstegraphicengine\coreapplication.cpp:106
Inside ege::CoreApplication::OnResize
Date: Apr 29 2018
Time: 20:14:43
Message: Resize
############################################: 
Log: f:\3d-engine\eerstegraphicengine\eerstegraphicengine\coreapplication.cpp:106
Inside ege::CoreApplication::OnResize
Date: Apr 29 2018
Time: 20:14:43
Message: Resize
############################################: 
Log: f:\3d-engine\eerstegraphicengine\eerstegraphicengine\coreapplication.cpp:106
Inside ege::CoreApplication::OnResize
Date: Apr 29 2018
Time: 20:14:43
Message: Resize
############################################: 
Log: f:\3d-engine\eerstegraphicengine\eerstegraphicengine\coreapplication.cpp:106
Inside ege::CoreApplication::OnResize
Date: Apr 29 2018
Time: 20:14:43
Message: Resize
############################################: 
Log: f:\3d-engine\eerstegraphicengine\eerstegraphicengine\coreapplication.cpp:106
Inside ege::CoreApplication::OnResize
Date: Apr 29 2018
Time: 20:14:43
Message: Resize
############################################: 
Log: f:\3d-engine\eerstegraphicengine\eerstegraphicengine\coreapplication.cpp:106
Inside ege::CoreApplication::OnResize
Date: Apr 29 2018
Time: 20:14:43
Message: Resize
############################################: 
Log: f:\3d-engine\eerstegraphicengine\eerstegraphicengine\coreapplication.cpp:106
Inside ege::CoreApplication::OnResize
Date: Apr 29 2018
Time: 20:14:43
Message: Resize
############################################: 
Log: f:\3d-engine\eerstegraphicengine\eerstegraphicengine\coreapplication.cpp:106
Inside ege::CoreApplication::OnResize
Date: Apr 29 2018
Time: 20:14:43
Message: Resize
############################################: 
Log: f:\3d-engine\eerstegraphicengine\eerstegraphicengine\coreapplication.cpp:106
Inside ege::CoreApplication::OnResize
Date: Apr 29 2018
Time: 20:14:43
Message: Resize
############################################: 
