Log: c:\users\fbeaujean\documents\other\eerstegraphicengine\eerstegraphicengine\coreapplication.cpp:50
Inside ege::CoreApplication::RunMainLoop
Date: Apr 30 2018
Time: 11:12:37
Message: Mouse Left
############################################: 
Log: c:\users\fbeaujean\documents\other\eerstegraphicengine\eerstegraphicengine\coreapplication.cpp:50
Inside ege::CoreApplication::RunMainLoop
Date: Apr 30 2018
Time: 11:12:57
Message: Mouse Left
############################################: 
Log: c:\users\fbeaujean\documents\other\eerstegraphicengine\eerstegraphicengine\coreapplication.cpp:50
Inside ege::CoreApplication::RunMainLoop
Date: Apr 30 2018
Time: 11:12:57
Message: Mouse Left
############################################: 
Log: c:\users\fbeaujean\documents\other\eerstegraphicengine\eerstegraphicengine\coreapplication.cpp:50
Inside ege::CoreApplication::RunMainLoop
Date: Apr 30 2018
Time: 11:15:17
Message: Mouse Left
############################################: 
Log: c:\users\fbeaujean\documents\other\eerstegraphicengine\eerstegraphicengine\coreapplication.cpp:57
Inside ege::CoreApplication::RunMainLoop
Date: Apr 30 2018
Time: 11:15:17
Message: Mouse Right
############################################: 
Log: c:\users\fbeaujean\documents\other\eerstegraphicengine\eerstegraphicengine\coreapplication.cpp:57
Inside ege::CoreApplication::RunMainLoop
Date: Apr 30 2018
Time: 11:15:17
Message: Mouse Right
############################################: 
Log: c:\users\fbeaujean\documents\other\eerstegraphicengine\eerstegraphicengine\coreapplication.cpp:50
Inside ege::CoreApplication::RunMainLoop
Date: Apr 30 2018
Time: 11:15:17
Message: Mouse Left
############################################: 
Log: c:\users\fbeaujean\documents\other\eerstegraphicengine\eerstegraphicengine\coreapplication.cpp:57
Inside ege::CoreApplication::RunMainLoop
Date: Apr 30 2018
Time: 11:15:17
Message: Mouse Right
############################################: 
Log: c:\users\fbeaujean\documents\other\eerstegraphicengine\eerstegraphicengine\coreapplication.cpp:50
Inside ege::CoreApplication::RunMainLoop
Date: Apr 30 2018
Time: 11:15:17
Message: Mouse Left
############################################: 
Log: c:\users\fbeaujean\documents\other\eerstegraphicengine\eerstegraphicengine\coreapplication.cpp:57
Inside ege::CoreApplication::RunMainLoop
Date: Apr 30 2018
Time: 11:15:17
Message: Mouse Right
############################################: 
Log: c:\users\fbeaujean\documents\other\eerstegraphicengine\eerstegraphicengine\coreapplication.cpp:50
Inside ege::CoreApplication::RunMainLoop
Date: Apr 30 2018
Time: 11:15:17
Message: Mouse Left
############################################: 
Log: c:\users\fbeaujean\documents\other\eerstegraphicengine\eerstegraphicengine\coreapplication.cpp:50
Inside ege::CoreApplication::RunMainLoop
Date: Apr 30 2018
Time: 11:15:17
Message: Mouse Left
############################################: 
Log: c:\users\fbeaujean\documents\other\eerstegraphicengine\eerstegraphicengine\coreapplication.cpp:50
Inside ege::CoreApplication::RunMainLoop
Date: Apr 30 2018
Time: 11:15:17
Message: Mouse Left
############################################: 
Log: c:\users\fbeaujean\documents\other\eerstegraphicengine\eerstegraphicengine\coreapplication.cpp:50
Inside ege::CoreApplication::RunMainLoop
Date: Apr 30 2018
Time: 11:15:17
Message: Mouse Left
############################################: 
Log: c:\users\fbeaujean\documents\other\eerstegraphicengine\eerstegraphicengine\coreapplication.cpp:50
Inside ege::CoreApplication::RunMainLoop
Date: Apr 30 2018
Time: 11:15:17
Message: Mouse Left
############################################: 
Log: c:\users\fbeaujean\documents\other\eerstegraphicengine\eerstegraphicengine\coreapplication.cpp:57
Inside ege::CoreApplication::RunMainLoop
Date: Apr 30 2018
Time: 11:15:17
Message: Mouse Right
############################################: 
Log: c:\users\fbeaujean\documents\other\eerstegraphicengine\eerstegraphicengine\coreapplication.cpp:57
Inside ege::CoreApplication::RunMainLoop
Date: Apr 30 2018
Time: 11:15:17
Message: Mouse Right
############################################: 
Log: c:\users\fbeaujean\documents\other\eerstegraphicengine\eerstegraphicengine\coreapplication.cpp:50
Inside ege::CoreApplication::RunMainLoop
Date: Apr 30 2018
Time: 11:15:17
Message: Mouse Left
############################################: 
Log: c:\users\fbeaujean\documents\other\eerstegraphicengine\eerstegraphicengine\coreapplication.cpp:43
Inside ege::CoreApplication::RunMainLoop
Date: Apr 30 2018
Time: 11:15:17
Message: Key Up
############################################: 
Log: c:\users\fbeaujean\documents\other\eerstegraphicengine\eerstegraphicengine\coreapplication.cpp:43
Inside ege::CoreApplication::RunMainLoop
Date: Apr 30 2018
Time: 11:15:17
Message: Key Up
############################################: 
Log: c:\users\fbeaujean\documents\other\eerstegraphicengine\eerstegraphicengine\coreapplication.cpp:43
Inside ege::CoreApplication::RunMainLoop
Date: Apr 30 2018
Time: 11:15:17
Message: Key Up
############################################: 
Log: c:\users\fbeaujean\documents\other\eerstegraphicengine\eerstegraphicengine\coreapplication.cpp:50
Inside ege::CoreApplication::RunMainLoop
Date: Apr 30 2018
Time: 11:15:17
Message: Mouse Left
############################################: 
Log: c:\users\fbeaujean\documents\other\eerstegraphicengine\eerstegraphicengine\coreapplication.cpp:50
Inside ege::CoreApplication::RunMainLoop
Date: Apr 30 2018
Time: 11:15:17
Message: Mouse Left
############################################: 
Log: c:\users\fbeaujean\documents\other\eerstegraphicengine\eerstegraphicengine\coreapplication.cpp:50
Inside ege::CoreApplication::RunMainLoop
Date: Apr 30 2018
Time: 11:15:17
Message: Mouse Left
############################################: 
Log: c:\users\fbeaujean\documents\other\eerstegraphicengine\eerstegraphicengine\coreapplication.cpp:50
Inside ege::CoreApplication::RunMainLoop
Date: Apr 30 2018
Time: 11:15:17
Message: Mouse Left
############################################: 
Log: c:\users\fbeaujean\documents\other\eerstegraphicengine\eerstegraphicengine\coreapplication.cpp:50
Inside ege::CoreApplication::RunMainLoop
Date: Apr 30 2018
Time: 11:15:17
Message: Mouse Left
############################################: 
Log: c:\users\fbeaujean\documents\other\eerstegraphicengine\eerstegraphicengine\coreapplication.cpp:50
Inside ege::CoreApplication::RunMainLoop
Date: Apr 30 2018
Time: 11:15:17
Message: Mouse Left
############################################: 
Log: f:\3d-engine\eerstegraphicengine\eerstegraphicengine\window.h:32
Inside ege::WINDOW_DESC::SetWidth
Date: May  1 2018
Time: 19:26:47
Message: Set Width
############################################: 
Log: f:\3d-engine\eerstegraphicengine\eerstegraphicengine\window.h:32
Inside ege::WINDOW_DESC::SetWidth
Date: May  1 2018
Time: 19:26:47
Message: Set Width
############################################: 
Log: f:\3d-engine\eerstegraphicengine\eerstegraphicengine\window.h:32
Inside ege::WINDOW_DESC::SetWidth
Date: May  1 2018
Time: 19:26:47
Message: Set Width
############################################: 
Log: f:\3d-engine\eerstegraphicengine\eerstegraphicengine\window.h:32
Inside ege::WINDOW_DESC::SetWidth
Date: May  1 2018
Time: 19:26:47
Message: Set Width
############################################: 
Log: f:\3d-engine\eerstegraphicengine\eerstegraphicengine\window.h:32
Inside ege::WINDOW_DESC::SetWidth
Date: May  1 2018
Time: 19:26:47
Message: Set Width
############################################: 
Log: f:\3d-engine\eerstegraphicengine\eerstegraphicengine\window.h:32
Inside ege::WINDOW_DESC::SetWidth
Date: May  1 2018
Time: 19:26:47
Message: Set Width
############################################: 
Log: f:\3d-engine\eerstegraphicengine\eerstegraphicengine\window.h:32
Inside ege::WINDOW_DESC::SetWidth
Date: May  1 2018
Time: 19:26:47
Message: Set Width
############################################: 
Log: f:\3d-engine\eerstegraphicengine\eerstegraphicengine\window.h:32
Inside ege::WINDOW_DESC::SetWidth
Date: May  1 2018
Time: 19:28:36
Message: Set Width
############################################: 
Log: f:\3d-engine\eerstegraphicengine\eerstegraphicengine\window.h:32
Inside ege::WINDOW_DESC::SetWidth
Date: May  1 2018
Time: 19:28:36
Message: Set Width
############################################: 
Log: f:\3d-engine\eerstegraphicengine\eerstegraphicengine\window.h:32
Inside ege::WINDOW_DESC::SetWidth
Date: May  1 2018
Time: 19:28:36
Message: Set Width
############################################: 
Log: f:\3d-engine\eerstegraphicengine\eerstegraphicengine\window.h:32
Inside ege::WINDOW_DESC::SetWidth
Date: May  1 2018
Time: 19:28:36
Message: Set Width
############################################: 
Log: f:\3d-engine\eerstegraphicengine\eerstegraphicengine\window.h:32
Inside ege::WINDOW_DESC::SetWidth
Date: May  1 2018
Time: 19:28:36
Message: Set Width
############################################: 
Log: f:\3d-engine\eerstegraphicengine\eerstegraphicengine\window.h:32
Inside ege::WINDOW_DESC::SetWidth
Date: May  1 2018
Time: 19:28:36
Message: Set Width
############################################: 
Log: f:\3d-engine\eerstegraphicengine\eerstegraphicengine\window.h:32
Inside ege::WINDOW_DESC::SetWidth
Date: May  1 2018
Time: 19:28:36
Message: Set Width
############################################: 
Log: f:\3d-engine\eerstegraphicengine\eerstegraphicengine\window.h:32
Inside ege::WINDOW_DESC::SetWidth
Date: May  1 2018
Time: 19:28:36
Message: Set Width
############################################: 
Log: f:\3d-engine\eerstegraphicengine\eerstegraphicengine\window.h:32
Inside ege::WINDOW_DESC::SetWidth
Date: May  1 2018
Time: 19:28:36
Message: Set Width
############################################: 
Log: f:\3d-engine\eerstegraphicengine\eerstegraphicengine\window.h:32
Inside ege::WINDOW_DESC::SetWidth
Date: May  1 2018
Time: 19:28:36
Message: Set Width
############################################: 
Log: f:\3d-engine\eerstegraphicengine\eerstegraphicengine\window.h:32
Inside ege::WINDOW_DESC::SetWidth
Date: May  1 2018
Time: 19:28:36
Message: Set Width
############################################: 
Log: f:\3d-engine\eerstegraphicengine\eerstegraphicengine\window.h:32
Inside ege::WINDOW_DESC::SetWidth
Date: May  1 2018
Time: 19:28:36
Message: Set Width
############################################: 
Log: f:\3d-engine\eerstegraphicengine\eerstegraphicengine\window.h:32
Inside ege::WINDOW_DESC::SetWidth
Date: May  1 2018
Time: 19:28:36
Message: Set Width
############################################: 
Log: f:\3d-engine\eerstegraphicengine\eerstegraphicengine\window.h:32
Inside ege::WINDOW_DESC::SetWidth
Date: May  1 2018
Time: 19:28:36
Message: Set Width
############################################: 
Log: f:\3d-engine\eerstegraphicengine\eerstegraphicengine\window.h:32
Inside ege::WINDOW_DESC::SetWidth
Date: May  1 2018
Time: 19:28:36
Message: Set Width
############################################: 
Log: f:\3d-engine\eerstegraphicengine\eerstegraphicengine\window.h:32
Inside ege::WINDOW_DESC::SetWidth
Date: May  1 2018
Time: 19:28:36
Message: Set Width
############################################: 
Log: f:\3d-engine\eerstegraphicengine\eerstegraphicengine\window.h:32
Inside ege::WINDOW_DESC::SetWidth
Date: May  1 2018
Time: 19:28:36
Message: Set Width
############################################: 
Log: f:\3d-engine\eerstegraphicengine\eerstegraphicengine\inputhandler.cpp:70
Inside ege::InputHandler::Update
Date: May  1 2018
Time: 20:11:32
Message: Switched
############################################: 
Log: f:\3d-engine\eerstegraphicengine\eerstegraphicengine\inputhandler.cpp:70
Inside ege::InputHandler::Update
Date: May  1 2018
Time: 20:11:32
Message: Switched
############################################: 
Log: f:\3d-engine\eerstegraphicengine\eerstegraphicengine\inputhandler.cpp:70
Inside ege::InputHandler::Update
Date: May  1 2018
Time: 20:11:32
Message: Switched
############################################: 
Log: f:\3d-engine\eerstegraphicengine\eerstegraphicengine\inputhandler.cpp:70
Inside ege::InputHandler::Update
Date: May  1 2018
Time: 20:11:32
Message: Switched
############################################: 
Log: f:\3d-engine\eerstegraphicengine\eerstegraphicengine\inputhandler.cpp:70
Inside ege::InputHandler::Update
Date: May  1 2018
Time: 20:11:32
Message: Switched
############################################: 
Log: f:\3d-engine\eerstegraphicengine\eerstegraphicengine\inputhandler.cpp:70
Inside ege::InputHandler::Update
Date: May  1 2018
Time: 20:11:32
Message: Switched
############################################: 
Log: f:\3d-engine\eerstegraphicengine\eerstegraphicengine\inputhandler.cpp:70
Inside ege::InputHandler::Update
Date: May  1 2018
Time: 20:11:32
Message: Switched
############################################: 
Log: f:\3d-engine\eerstegraphicengine\eerstegraphicengine\inputhandler.cpp:70
Inside ege::InputHandler::Update
Date: May  1 2018
Time: 20:11:32
Message: Switched
############################################: 
Log: f:\3d-engine\eerstegraphicengine\eerstegraphicengine\inputhandler.cpp:70
Inside ege::InputHandler::Update
Date: May  1 2018
Time: 20:11:32
Message: Switched
############################################: 
Log: f:\3d-engine\eerstegraphicengine\eerstegraphicengine\inputhandler.cpp:70
Inside ege::InputHandler::Update
Date: May  1 2018
Time: 20:11:32
Message: Switched
############################################: 
Log: f:\3d-engine\eerstegraphicengine\eerstegraphicengine\inputhandler.cpp:70
Inside ege::InputHandler::Update
Date: May  1 2018
Time: 20:14:22
Message: Switched
############################################: 
Log: f:\3d-engine\eerstegraphicengine\eerstegraphicengine\inputhandler.cpp:70
Inside ege::InputHandler::Update
Date: May  1 2018
Time: 20:14:22
Message: Switched
############################################: 
Log: f:\3d-engine\eerstegraphicengine\eerstegraphicengine\inputhandler.cpp:70
Inside ege::InputHandler::Update
Date: May  1 2018
Time: 20:14:22
Message: Switched
############################################: 
Log: f:\3d-engine\eerstegraphicengine\eerstegraphicengine\inputhandler.cpp:70
Inside ege::InputHandler::Update
Date: May  1 2018
Time: 20:14:22
Message: Switched
############################################: 
Log: f:\3d-engine\eerstegraphicengine\eerstegraphicengine\inputhandler.cpp:70
Inside ege::InputHandler::Update
Date: May  1 2018
Time: 20:14:22
Message: Switched
############################################: 
Log: f:\3d-engine\eerstegraphicengine\eerstegraphicengine\inputhandler.cpp:70
Inside ege::InputHandler::Update
Date: May  1 2018
Time: 20:14:22
Message: Switched
############################################: 
Log: f:\3d-engine\eerstegraphicengine\eerstegraphicengine\inputhandler.cpp:70
Inside ege::InputHandler::Update
Date: May  1 2018
Time: 20:14:22
Message: Switched
############################################: 
Log: f:\3d-engine\eerstegraphicengine\eerstegraphicengine\inputhandler.cpp:70
Inside ege::InputHandler::Update
Date: May  1 2018
Time: 20:14:22
Message: Switched
############################################: 
Log: f:\3d-engine\eerstegraphicengine\eerstegraphicengine\inputhandler.cpp:70
Inside ege::InputHandler::Update
Date: May  1 2018
Time: 20:16:11
Message: Switched
############################################: 
Log: f:\3d-engine\eerstegraphicengine\eerstegraphicengine\inputhandler.cpp:70
Inside ege::InputHandler::Update
Date: May  1 2018
Time: 20:16:11
Message: Switched
############################################: 
Log: f:\3d-engine\eerstegraphicengine\eerstegraphicengine\inputhandler.cpp:70
Inside ege::InputHandler::Update
Date: May  1 2018
Time: 20:16:11
Message: Switched
############################################: 
Log: f:\3d-engine\eerstegraphicengine\eerstegraphicengine\inputhandler.cpp:70
Inside ege::InputHandler::Update
Date: May  1 2018
Time: 20:16:11
Message: Switched
############################################: 
Log: f:\3d-engine\eerstegraphicengine\eerstegraphicengine\inputhandler.cpp:70
Inside ege::InputHandler::Update
Date: May  1 2018
Time: 20:16:11
Message: Switched
############################################: 
Log: f:\3d-engine\eerstegraphicengine\eerstegraphicengine\inputhandler.cpp:70
Inside ege::InputHandler::Update
Date: May  1 2018
Time: 20:16:11
Message: Switched
############################################: 
Log: f:\3d-engine\eerstegraphicengine\eerstegraphicengine\inputhandler.cpp:70
Inside ege::InputHandler::Update
Date: May  1 2018
Time: 20:16:11
Message: Switched
############################################: 
Log: f:\3d-engine\eerstegraphicengine\eerstegraphicengine\inputhandler.cpp:70
Inside ege::InputHandler::Update
Date: May  1 2018
Time: 20:16:11
Message: Switched
############################################: 
Log: f:\3d-engine\eerstegraphicengine\eerstegraphicengine\inputhandler.cpp:70
Inside ege::InputHandler::Update
Date: May  1 2018
Time: 20:16:47
Message: Switched 1
############################################: 
Log: f:\3d-engine\eerstegraphicengine\eerstegraphicengine\inputhandler.cpp:70
Inside ege::InputHandler::Update
Date: May  1 2018
Time: 20:16:47
Message: Switched 1
############################################: 
Log: f:\3d-engine\eerstegraphicengine\eerstegraphicengine\inputhandler.cpp:70
Inside ege::InputHandler::Update
Date: May  1 2018
Time: 20:16:47
Message: Switched 1
############################################: 
Log: f:\3d-engine\eerstegraphicengine\eerstegraphicengine\inputhandler.cpp:70
Inside ege::InputHandler::Update
Date: May  1 2018
Time: 20:16:47
Message: Switched 1
############################################: 
Log: f:\3d-engine\eerstegraphicengine\eerstegraphicengine\inputhandler.cpp:70
Inside ege::InputHandler::Update
Date: May  1 2018
Time: 20:16:47
Message: Switched 1
############################################: 
Log: f:\3d-engine\eerstegraphicengine\eerstegraphicengine\inputhandler.cpp:70
Inside ege::InputHandler::Update
Date: May  1 2018
Time: 20:16:47
Message: Switched 1
############################################: 
Log: f:\3d-engine\eerstegraphicengine\eerstegraphicengine\inputhandler.cpp:70
Inside ege::InputHandler::Update
Date: May  1 2018
Time: 20:16:47
Message: Switched 1
############################################: 
Log: f:\3d-engine\eerstegraphicengine\eerstegraphicengine\inputhandler.cpp:94
Inside ege::InputHandler::Update
Date: May  1 2018
Time: 20:16:47
Message: Switched 2
############################################: 
Log: f:\3d-engine\eerstegraphicengine\eerstegraphicengine\inputhandler.cpp:70
Inside ege::InputHandler::Update
Date: May  1 2018
Time: 20:16:47
Message: Switched 1
############################################: 
Log: f:\3d-engine\eerstegraphicengine\eerstegraphicengine\inputhandler.cpp:94
Inside ege::InputHandler::Update
Date: May  1 2018
Time: 20:16:47
Message: Switched 2
############################################: 
Log: f:\3d-engine\eerstegraphicengine\eerstegraphicengine\inputhandler.cpp:70
Inside ege::InputHandler::Update
Date: May  1 2018
Time: 20:16:47
Message: Switched 1
############################################: 
Log: f:\3d-engine\eerstegraphicengine\eerstegraphicengine\inputhandler.cpp:94
Inside ege::InputHandler::Update
Date: May  1 2018
Time: 20:16:47
Message: Switched 2
############################################: 
Log: f:\3d-engine\eerstegraphicengine\eerstegraphicengine\inputhandler.cpp:70
Inside ege::InputHandler::Update
Date: May  1 2018
Time: 20:16:47
Message: Switched 1
############################################: 
Log: f:\3d-engine\eerstegraphicengine\eerstegraphicengine\inputhandler.cpp:94
Inside ege::InputHandler::Update
Date: May  1 2018
Time: 20:16:47
Message: Switched 2
############################################: 
Log: f:\3d-engine\eerstegraphicengine\eerstegraphicengine\inputhandler.cpp:70
Inside ege::InputHandler::Update
Date: May  1 2018
Time: 20:16:47
Message: Switched 1
############################################: 
Log: f:\3d-engine\eerstegraphicengine\eerstegraphicengine\inputhandler.cpp:94
Inside ege::InputHandler::Update
Date: May  1 2018
Time: 20:16:47
Message: Switched 2
############################################: 
Log: f:\3d-engine\eerstegraphicengine\eerstegraphicengine\inputhandler.cpp:70
Inside ege::InputHandler::Update
Date: May  1 2018
Time: 20:16:47
Message: Switched 1
############################################: 
Log: f:\3d-engine\eerstegraphicengine\eerstegraphicengine\inputhandler.cpp:70
Inside ege::InputHandler::Update
Date: May  1 2018
Time: 20:16:47
Message: Switched 1
############################################: 
Log: f:\3d-engine\eerstegraphicengine\eerstegraphicengine\inputhandler.cpp:70
Inside ege::InputHandler::Update
Date: May  1 2018
Time: 20:16:47
Message: Switched 1
############################################: 
Log: f:\3d-engine\eerstegraphicengine\eerstegraphicengine\inputhandler.cpp:70
Inside ege::InputHandler::Update
Date: May  1 2018
Time: 20:16:47
Message: Switched 1
############################################: 
Log: f:\3d-engine\eerstegraphicengine\eerstegraphicengine\inputhandler.cpp:70
Inside ege::InputHandler::Update
Date: May  1 2018
Time: 20:16:47
Message: Switched 1
############################################: 
Log: f:\3d-engine\eerstegraphicengine\eerstegraphicengine\inputhandler.cpp:70
Inside ege::InputHandler::Update
Date: May  1 2018
Time: 20:16:47
Message: Switched 1
############################################: 
Log: f:\3d-engine\eerstegraphicengine\eerstegraphicengine\inputhandler.cpp:70
Inside ege::InputHandler::Update
Date: May  1 2018
Time: 20:16:47
Message: Switched 1
############################################: 
Log: f:\3d-engine\eerstegraphicengine\eerstegraphicengine\inputhandler.cpp:70
Inside ege::InputHandler::Update
Date: May  1 2018
Time: 20:16:47
Message: Switched 1
############################################: 
Log: f:\3d-engine\eerstegraphicengine\eerstegraphicengine\inputhandler.cpp:94
Inside ege::InputHandler::Update
Date: May  1 2018
Time: 20:16:47
Message: Switched 2
############################################: 
Log: f:\3d-engine\eerstegraphicengine\eerstegraphicengine\inputhandler.cpp:70
Inside ege::InputHandler::Update
Date: May  1 2018
Time: 20:16:47
Message: Switched 1
############################################: 
Log: f:\3d-engine\eerstegraphicengine\eerstegraphicengine\inputhandler.cpp:70
Inside ege::InputHandler::Update
Date: May  1 2018
Time: 20:16:47
Message: Switched 1
############################################: 
Log: f:\3d-engine\eerstegraphicengine\eerstegraphicengine\inputhandler.cpp:70
Inside ege::InputHandler::Update
Date: May  1 2018
Time: 20:16:47
Message: Switched 1
############################################: 
Log: f:\3d-engine\eerstegraphicengine\eerstegraphicengine\inputhandler.cpp:70
Inside ege::InputHandler::Update
Date: May  1 2018
Time: 20:16:47
Message: Switched 1
############################################: 
Log: f:\3d-engine\eerstegraphicengine\eerstegraphicengine\inputhandler.cpp:70
Inside ege::InputHandler::Update
Date: May  1 2018
Time: 20:16:47
Message: Switched 1
############################################: 
Log: f:\3d-engine\eerstegraphicengine\eerstegraphicengine\inputhandler.cpp:70
Inside ege::InputHandler::Update
Date: May  1 2018
Time: 20:16:47
Message: Switched 1
############################################: 
Log: f:\3d-engine\eerstegraphicengine\eerstegraphicengine\inputhandler.cpp:70
Inside ege::InputHandler::Update
Date: May  1 2018
Time: 20:16:47
Message: Switched 1
############################################: 
