Assertion failed at f:\3d-engine\eerstegraphicengine\eerstegraphicengine\stackallocator.h:35 inside ege::StackAllocator::Allocate
Date: Feb 18 2018
Time: 22:54:49
Error: Not enough memory allocated in stack allocator
Condition: 0
############################################: 
Assertion failed at f:\3d-engine\eerstegraphicengine\eerstegraphicengine\stackallocator.h:154 inside ege::StdStackAllocator<struct std::_Container_proxy>::allocate
Date: Feb 19 2018
Time: 00:12:45
Error: Stack allocator not initialized
Condition: 0
############################################: 
Assertion failed at f:\3d-engine\eerstegraphicengine\eerstegraphicengine\stackallocator.h:40 inside ege::StackAllocator::Allocate
Date: Feb 19 2018
Time: 00:23:32
Error: Not enough memory allocated in stack allocator
Condition: 0
############################################: 
Assertion failed at f:\3d-engine\eerstegraphicengine\eerstegraphicengine\stackallocator.h:40 inside ege::StackAllocator::Allocate
Date: Feb 19 2018
Time: 00:23:48
Error: Not enough memory allocated in stack allocator
Condition: 0
############################################: 
Assertion failed at f:\3d-engine\eerstegraphicengine\eerstegraphicengine\stackallocator.h:40 inside ege::StackAllocator::Allocate
Date: Feb 19 2018
Time: 00:24:06
Error: Not enough memory allocated in stack allocator
Condition: 0
############################################: 
Assertion failed at f:\3d-engine\eerstegraphicengine\eerstegraphicengine\stackallocator.h:40 inside ege::StackAllocator::Allocate
Date: Feb 19 2018
Time: 00:24:16
Error: Not enough memory allocated in stack allocator
Condition: 0
############################################: 
Assertion failed at f:\3d-engine\eerstegraphicengine\eerstegraphicengine\stackallocator.h:157 inside ege::StdStackAllocator<struct std::_Container_proxy>::allocate
Date: Feb 19 2018
Time: 00:24:29
Error: Stack allocator not initialized
Condition: 0
############################################: 
Assertion failed at f:\3d-engine\eerstegraphicengine\eerstegraphicengine\stackallocator.h:40 inside ege::StackAllocator::Allocate
Date: Feb 19 2018
Time: 00:25:04
Error: Not enough memory allocated in stack allocator
Condition: 0
############################################: 
Assertion failed at f:\3d-engine\eerstegraphicengine\eerstegraphicengine\stackallocator.h:40 inside ege::StackAllocator::Allocate
Date: Feb 19 2018
Time: 00:25:04
Error: Not enough memory allocated in stack allocator
Condition: 0
############################################: 
Assertion failed at f:\3d-engine\eerstegraphicengine\eerstegraphicengine\stackallocator.h:40 inside ege::StackAllocator::Allocate
Date: Feb 19 2018
Time: 00:25:04
Error: Not enough memory allocated in stack allocator
Condition: 0
############################################: 
Assertion failed at f:\3d-engine\eerstegraphicengine\eerstegraphicengine\stackallocator.h:40 inside ege::StackAllocator::Allocate
Date: Feb 19 2018
Time: 00:25:04
Error: Not enough memory allocated in stack allocator
Condition: 0
############################################: 
Assertion failed at f:\3d-engine\eerstegraphicengine\eerstegraphicengine\stackallocator.h:40 inside ege::StackAllocator::Allocate
Date: Feb 19 2018
Time: 00:25:04
Error: Not enough memory allocated in stack allocator
Condition: 0
############################################: 
Assertion failed at f:\3d-engine\eerstegraphicengine\eerstegraphicengine\stackallocator.h:40 inside ege::StackAllocator::Allocate
Date: Feb 19 2018
Time: 00:25:04
Error: Not enough memory allocated in stack allocator
Condition: 0
############################################: 
Assertion failed at f:\3d-engine\eerstegraphicengine\eerstegraphicengine\stackallocator.h:40 inside ege::StackAllocator::Allocate
Date: Feb 19 2018
Time: 00:25:04
Error: Not enough memory allocated in stack allocator
Condition: 0
############################################: 
Assertion failed at f:\3d-engine\eerstegraphicengine\eerstegraphicengine\stackallocator.h:40 inside ege::StackAllocator::Allocate
Date: Feb 19 2018
Time: 00:25:04
Error: Not enough memory allocated in stack allocator
Condition: 0
############################################: 
Assertion failed at c:\users\fbeaujean\documents\other\eerstegraphicengine\eerstegraphicengine\stackallocator.h:40 inside ege::StackAllocator::Allocate
Date: Feb 19 2018
Time: 09:52:36
Error: Not enough memory allocated in stack allocator
Condition: 0
############################################: 
Assertion failed at c:\users\fbeaujean\documents\other\eerstegraphicengine\eerstegraphicengine\stackallocator.h:40 inside ege::StackAllocator::Allocate
Date: Feb 19 2018
Time: 09:53:52
Error: Not enough memory allocated in stack allocator
Condition: 0
############################################: 
Assertion failed at c:\users\fbeaujean\documents\other\eerstegraphicengine\eerstegraphicengine\stackallocator.h:40 inside ege::StackAllocator::Allocate
Date: Feb 19 2018
Time: 09:54:23
Error: Not enough memory allocated in stack allocator
Condition: 0
############################################: 
Assertion failed at c:\users\fbeaujean\documents\other\eerstegraphicengine\eerstegraphicengine\stackallocator.h:40 inside ege::StackAllocator::Allocate
Date: Feb 19 2018
Time: 10:04:41
Error: Not enough memory allocated in stack allocator
Condition: 0
############################################: 
Assertion failed at c:\users\fbeaujean\documents\other\eerstegraphicengine\eerstegraphicengine\stackallocator.h:40 inside ege::StackAllocator::Allocate
Date: Feb 19 2018
Time: 10:04:41
Error: Not enough memory allocated in stack allocator
Condition: 0
############################################: 
Assertion failed at c:\users\fbeaujean\documents\other\eerstegraphicengine\eerstegraphicengine\stackallocator.h:40 inside ege::StackAllocator::Allocate
Date: Feb 19 2018
Time: 10:22:57
Error: Not enough memory allocated in stack allocator
Condition: 0
############################################: 
Assertion failed at c:\users\fbeaujean\documents\other\eerstegraphicengine\eerstegraphicengine\stackallocator.h:40 inside ege::StackAllocator::Allocate
Date: Feb 19 2018
Time: 10:45:10
Error: Not enough memory allocated in stack allocator
Condition: 0
############################################: 
Assertion failed at c:\users\fbeaujean\documents\other\eerstegraphicengine\eerstegraphicengine\stackallocator.h:40 inside ege::StackAllocator::Allocate
Date: Feb 19 2018
Time: 10:45:45
Error: Not enough memory allocated in stack allocator
Condition: 0
############################################: 
Assertion failed at c:\users\fbeaujean\documents\other\eerstegraphicengine\eerstegraphicengine\stackallocator.h:40 inside ege::StackAllocator::Allocate
Date: Feb 19 2018
Time: 11:10:21
Error: Not enough memory allocated in stack allocator
Condition: 0
############################################: 
Assertion failed at c:\users\fbeaujean\documents\other\eerstegraphicengine\eerstegraphicengine\stackallocator.h:40 inside ege::StackAllocator::Allocate
Date: Feb 19 2018
Time: 11:10:21
Error: Not enough memory allocated in stack allocator
Condition: 0
############################################: 
Assertion failed at c:\users\fbeaujean\documents\other\eerstegraphicengine\eerstegraphicengine\stackallocator.h:40 inside ege::StackAllocator::Allocate
Date: Feb 19 2018
Time: 11:10:21
Error: Not enough memory allocated in stack allocator
Condition: 0
############################################: 
Assertion failed at c:\users\fbeaujean\documents\other\eerstegraphicengine\eerstegraphicengine\stackallocator.h:33 inside ege::StackAllocator::~StackAllocator
Date: Feb 19 2018
Time: 11:31:12
Error: Memory from stack allocator has not been properly free
Condition: 0
############################################: 
Assertion failed at c:\users\fbeaujean\documents\other\eerstegraphicengine\eerstegraphicengine\stackallocator.h:33 inside ege::StackAllocator::~StackAllocator
Date: Feb 19 2018
Time: 11:31:51
Error: tor::Allocate
Condition: 0
############################################: 
Assertion failed at c:\users\fbeaujean\documents\other\eerstegraphicengine\eerstegraphicengine\stackallocator.h:33 inside ege::StackAllocator::~StackAllocator
Date: Feb 19 2018
Time: 11:33:30
Error: Memory from stack allocator has not been properly free : 
Condition: 0
############################################: 
