  BasicAllocator.cpp
  CoreApplication.cpp
  DynamicLib.cpp
  DynamicLibManager.cpp
  Event.cpp
  EventManager.cpp
  IComponent.cpp
  IComponentHandler.cpp
  InputHandler.cpp
  Joypad.cpp
  Keyboard.cpp
  tinyxml2.cpp
  LinearAllocator.cpp
  Main.cpp
  MemoryAllocator.cpp
  Mouse.cpp
  PoolAllocator.cpp
  StackAllocator.cpp
  String.cpp
  Time.cpp
  Compiling...
  Timer.cpp
  Window.cpp
  Generating code
  1595 of 1595 functions (100.0%) were compiled, the rest were copied from previous compilation.
    1561 functions were new in current compilation
    0 functions had inline decision re-evaluated but remain unchanged
  Finished generating code
  EersteGraphicEngine.vcxproj -> C:\Users\FBEAUJEAN\Documents\Other\EersteGraphicEngine\EersteGraphicEngine\bin\EersteGraphicEngine.exe
